<?xml version="1.0" encoding="UTF-8"?>
<!-- Generated by org.testng.reporters.JUnitXMLReporter -->
<testsuite ignored="0" hostname="DESKTOP-QFEAF0U" failures="0" tests="3" name="Test" time="111.56" errors="0" timestamp="2024-12-06T16:35:48 IST">
  <testcase classname="mTS.stage.cms.test.DesignConfigsTest" name="verifyCreatePageTest" time="11.337"/>
  <testcase classname="mTS.stage.cms.test.DesignConfigsTest" name="verifyAddComponentsTest" time="50.171"/>
  <testcase classname="mTS.stage.cms.test.DesignConfigsTest" name="verifyeditComponentsTest" time="24.731"/>
</testsuite> <!-- Test -->
